2024-08-14 18:47:58,779 | INFO | ulauncher: main() | Ulauncher version 5.15.7
2024-08-14 18:47:58,779 | INFO | ulauncher: main() | Extension API version 2.0.0
2024-08-14 18:47:58,779 | INFO | ulauncher: main() | GTK+ 3.24.43
2024-08-14 18:47:58,779 | INFO | ulauncher: main() | Is Wayland: True
2024-08-14 18:47:58,779 | INFO | ulauncher: main() | Wayland compatibility: on
2024-08-14 18:47:58,792 | DEBUG | ulauncher.ui.windows.Builder: __init__() | consider using a pythonic name instead of design name 'input-box'
2024-08-14 18:47:58,795 | DEBUG | ulauncher.ui.windows.Builder: do_connect() | connect builder by name 'ulauncher_window','destroy', 'on_destroy'
2024-08-14 18:47:58,795 | DEBUG | ulauncher.ui.windows.Builder: do_connect() | connect builder by name 'ulauncher_window','focus_in_event', 'on_focus_in_event'
2024-08-14 18:47:58,795 | DEBUG | ulauncher.ui.windows.Builder: do_connect() | connect builder by name 'ulauncher_window','focus_out_event', 'on_focus_out_event'
2024-08-14 18:47:58,795 | DEBUG | ulauncher.ui.windows.Builder: do_connect() | connect builder by name 'input','key_press_event', 'on_input_key_press_event'
2024-08-14 18:47:58,796 | DEBUG | ulauncher.ui.windows.Builder: log_unconnected_functions() | Not connected to builder 'on_input_changed'
2024-08-14 18:47:58,796 | DEBUG | ulauncher.ui.windows.Builder: log_unconnected_functions() | Not connected to builder 'on_mnu_about_activate'
2024-08-14 18:47:58,796 | DEBUG | ulauncher.ui.windows.Builder: log_unconnected_functions() | Not connected to builder 'on_mnu_close_activate'
2024-08-14 18:47:58,796 | DEBUG | ulauncher.ui.windows.Builder: log_unconnected_functions() | Not connected to builder 'on_mnu_preferences_activate'
2024-08-14 18:47:58,796 | DEBUG | ulauncher.ui.windows.Builder: log_unconnected_functions() | Not connected to builder 'on_preferences_dialog_destroyed'
2024-08-14 18:47:58,797 | DEBUG | ulauncher.utils.display: get_screens() | Found 1 monitor(s)
2024-08-14 18:47:58,798 | DEBUG | ulauncher.utils.display: get_screens() |   Monitor 0 - X: 0, Y: 0, W: 960, H: 540
2024-08-14 18:47:58,807 | DEBUG | ulauncher.ui.windows.UlauncherWindow: show_results() | render 0 results
2024-08-14 18:47:58,807 | INFO | ulauncher.api.server.ExtensionServer: _start_thread() | Starting WS server on port 5054
2024-08-14 18:47:58,807 | INFO | ulauncher.search.apps.app_watcher: start() | Started scanning desktop dirs
2024-08-14 18:47:58,814 | INFO | ulauncher.utils.desktop.reader: find_apps_cached() | Found 33 apps in cache
2024-08-14 18:47:58,819 | INFO | ulauncher.api.server.ExtensionRunner: _run_process() | Extension "com.github.friday.ulauncher-clipboard" started. PID 23319
2024-08-14 18:47:58,820 | INFO | ulauncher.api.server.ExtensionRunner: _run_process() | Extension "com.github.tchar.ulauncher-albert-calculate-anything" started. PID 23321
2024-08-14 18:47:58,821 | INFO | ulauncher.api.server.ExtensionRunner: _run_process() | Extension "com.github.hillaryychan.ulauncher-fzf" started. PID 23323
2024-08-14 18:47:58,822 | INFO | ulauncher.api.server.ExtensionRunner: _run_process() | Extension "com.github.nastuzzisamy.ulauncher-custom-scripts" started. PID 23325
2024-08-14 18:47:58,823 | INFO | ulauncher.api.server.ExtensionRunner: _run_process() | Extension "com.github.kuenzelit.ulauncher-firefox-bookmarks" started. PID 23327
2024-08-14 18:47:58,825 | INFO | ulauncher.api.server.ExtensionRunner: _run_process() | Extension "com.github.elken.terminal-runner" started. PID 23329
2024-08-14 18:47:58,826 | INFO | ulauncher.api.server.ExtensionRunner: _run_process() | Extension "com.github.ybotspawn.keep-ulauncher" started. PID 23331
2024-08-14 18:47:58,830 | INFO | ulauncher.api.server.ExtensionRunner: _run_process() | Extension "com.github.abhishekmj303.ulauncher-playerctl" started. PID 23334
2024-08-14 18:47:58,833 | INFO | ulauncher.utils.desktop.reader: find_apps_cached() | Found 33 apps in the system
2024-08-14 18:47:58,833 | INFO | ulauncher.search.apps.app_watcher: start() | Scanned desktop dirs in 0.03 seconds
2024-08-14 18:47:58,839 | DEBUG | ulauncher.search.apps.app_watcher: start() | Start watching desktop files...
2024-08-14 18:47:58,882 | ERROR | ulauncher.api.server.ExtensionRunner: _run_process() | Extension "com.github.ybotspawn.keep-ulauncher" was terminated with code 1
2024-08-14 18:47:59,112 | INFO | ulauncher.api.server.ExtensionController: handleConnected() | Extension "com.github.hillaryychan.ulauncher-fzf" connected
2024-08-14 18:47:59,112 | DEBUG | ulauncher.api.server.ExtensionController: _send_event() | Send event PreferencesEvent to "com.github.hillaryychan.ulauncher-fzf"
2024-08-14 18:47:59,119 | INFO | ulauncher.api.server.ExtensionController: handleConnected() | Extension "com.github.elken.terminal-runner" connected
2024-08-14 18:47:59,119 | DEBUG | ulauncher.api.server.ExtensionController: _send_event() | Send event PreferencesEvent to "com.github.elken.terminal-runner"
2024-08-14 18:47:59,135 | INFO | ulauncher.api.server.ExtensionController: handleConnected() | Extension "com.github.abhishekmj303.ulauncher-playerctl" connected
2024-08-14 18:47:59,136 | DEBUG | ulauncher.api.server.ExtensionController: _send_event() | Send event PreferencesEvent to "com.github.abhishekmj303.ulauncher-playerctl"
2024-08-14 18:47:59,147 | INFO | ulauncher.api.server.ExtensionController: handleConnected() | Extension "com.github.nastuzzisamy.ulauncher-custom-scripts" connected
2024-08-14 18:47:59,147 | DEBUG | ulauncher.api.server.ExtensionController: _send_event() | Send event PreferencesEvent to "com.github.nastuzzisamy.ulauncher-custom-scripts"
2024-08-14 18:47:59,148 | INFO | ulauncher.api.server.ExtensionController: handleConnected() | Extension "com.github.kuenzelit.ulauncher-firefox-bookmarks" connected
2024-08-14 18:47:59,148 | DEBUG | ulauncher.api.server.ExtensionController: _send_event() | Send event PreferencesEvent to "com.github.kuenzelit.ulauncher-firefox-bookmarks"
2024-08-14 18:47:59,190 | ERROR | ulauncher.api.server.ExtensionRunner: _run_process() | Extension "com.github.tchar.ulauncher-albert-calculate-anything" was terminated with code 1
2024-08-14 18:48:00,008 | INFO | ulauncher.api.server.ExtensionController: handleConnected() | Extension "com.github.friday.ulauncher-clipboard" connected
2024-08-14 18:48:00,008 | DEBUG | ulauncher.api.server.ExtensionController: _send_event() | Send event PreferencesEvent to "com.github.friday.ulauncher-clipboard"
2024-08-14 18:49:16,399 | DEBUG | ulauncher.utils.display: get_screens() | Found 1 monitor(s)
2024-08-14 18:49:16,399 | DEBUG | ulauncher.utils.display: get_screens() |   Monitor 0 - X: 0, Y: 0, W: 960, H: 540
2024-08-14 18:49:16,399 | DEBUG | ulauncher.ui.windows.UlauncherWindow: show_results() | render 0 results
2024-08-14 18:49:16,469 | WARNING | ulauncher.utils.image_loader: check_icon_name() | Icon theme is broken or incomplete. Substituting "Alacritty" for "Alacritty"
2024-08-14 18:49:16,478 | WARNING | ulauncher.utils.image_loader: check_icon_name() | Icon theme is broken or incomplete. Substituting "nwg-look" for "nwg-look"
2024-08-14 18:49:16,487 | WARNING | ulauncher.utils.image_loader: load_image() | Could not load image /opt/chromium.org/thorium/thorium_shell.png. E: g-file-error-quark: Failed to open file “/opt/chromium.org/thorium/thorium_shell.png”: No such file or directory (4)
2024-08-14 18:49:16,488 | WARNING | ulauncher.utils.image_loader: check_icon_name() | Icon theme is broken or incomplete. Substituting "spotify-client" for "spotify-client"
2024-08-14 18:49:16,492 | WARNING | ulauncher.utils.image_loader: check_icon_name() | Icon theme is broken or incomplete. Substituting "auto-cpufreq" for "auto-cpufreq"
2024-08-14 18:49:16,498 | WARNING | ulauncher.utils.image_loader: check_icon_name() | Icon theme is broken or incomplete. Substituting "electron30" for "electron30"
2024-08-14 18:49:16,508 | WARNING | ulauncher.utils.image_loader: check_icon_name() | Icon theme is broken or incomplete. Substituting "obsidian" for "obsidian"
2024-08-14 18:49:16,512 | WARNING | ulauncher.utils.image_loader: check_icon_name() | Icon "freedownloadmanager" completely missing from icon theme. Consider switching icon theme.
2024-08-14 18:49:16,512 | INFO | ulauncher.utils.image_loader: check_icon_name() | Falling back on default icon "application-x-executable"
2024-08-14 18:49:16,586 | DEBUG | ulauncher.ui.windows.UlauncherWindow: show_results() | render 1 results
2024-08-14 18:49:16,587 | DEBUG | ulauncher.ui.windows.UlauncherWindow: show_results() | render 1 results
2024-08-14 18:49:16,589 | DEBUG | ulauncher.ui.windows.UlauncherWindow: show_results() | render 3 results
2024-08-14 18:49:17,578 | INFO | ulauncher.api.shared.action.LaunchAppAction: run() | Run application Thorium Browser (/usr/share/applications/thorium-browser.desktop) Exec ['/usr/bin/thorium-browser']
2024-08-14 18:49:17,586 | DEBUG | ulauncher.ui.windows.UlauncherWindow: show_results() | render 0 results
2024-08-14 18:49:47,489 | DEBUG | ulauncher.utils.display: get_screens() | Found 1 monitor(s)
2024-08-14 18:49:47,489 | DEBUG | ulauncher.utils.display: get_screens() |   Monitor 0 - X: 0, Y: 0, W: 960, H: 540
2024-08-14 18:49:47,490 | DEBUG | ulauncher.ui.windows.UlauncherWindow: show_results() | render 0 results
2024-08-14 18:49:48,369 | DEBUG | ulauncher.ui.windows.UlauncherWindow: show_results() | render 8 results
2024-08-14 18:49:48,525 | DEBUG | ulauncher.ui.windows.UlauncherWindow: show_results() | render 3 results
2024-08-14 18:49:49,408 | DEBUG | ulauncher.ui.windows.UlauncherWindow: show_results() | render 1 results
2024-08-14 18:49:49,607 | DEBUG | ulauncher.api.server.ExtensionController: _send_event() | Send event KeywordQueryEvent to "com.github.hillaryychan.ulauncher-fzf"
2024-08-14 18:49:49,756 | DEBUG | ulauncher.api.server.ExtensionController: handleMessage() | Incoming response (KeywordQueryEvent, RenderResultListAction) from "com.github.hillaryychan.ulauncher-fzf"
2024-08-14 18:49:49,767 | DEBUG | ulauncher.ui.windows.UlauncherWindow: show_results() | render 15 results
2024-08-14 18:49:50,158 | DEBUG | ulauncher.ui.windows.UlauncherWindow: show_results() | render 1 results
2024-08-14 18:49:50,630 | DEBUG | ulauncher.ui.windows.UlauncherWindow: show_results() | render 1 results
2024-08-14 18:49:50,828 | DEBUG | ulauncher.api.server.ExtensionController: _send_event() | Send event KeywordQueryEvent to "com.github.hillaryychan.ulauncher-fzf"
2024-08-14 18:49:50,892 | DEBUG | ulauncher.api.server.ExtensionController: handleMessage() | Incoming response (KeywordQueryEvent, RenderResultListAction) from "com.github.hillaryychan.ulauncher-fzf"
2024-08-14 18:49:50,901 | DEBUG | ulauncher.ui.windows.UlauncherWindow: show_results() | render 15 results
2024-08-14 18:49:51,675 | DEBUG | ulauncher.ui.windows.UlauncherWindow: show_results() | render 1 results
2024-08-14 18:49:51,873 | DEBUG | ulauncher.api.server.ExtensionController: _send_event() | Send event KeywordQueryEvent to "com.github.hillaryychan.ulauncher-fzf"
2024-08-14 18:49:51,928 | DEBUG | ulauncher.api.server.ExtensionController: handleMessage() | Incoming response (KeywordQueryEvent, RenderResultListAction) from "com.github.hillaryychan.ulauncher-fzf"
2024-08-14 18:49:51,937 | DEBUG | ulauncher.ui.windows.UlauncherWindow: show_results() | render 15 results
2024-08-14 19:03:48,920 | INFO | ulauncher.search.apps.app_watcher: _add_file_sync() | New app was added "NVIDIA X Server Settings" (/usr/share/applications/nvidia-settings.desktop)
