amdgpu: amdgpu_cs_ctx_create2 failed. (-13)
amdgpu: amdgpu_cs_ctx_create2 failed. (-13)
Environment variable $QT_QPA_PLATFORMTHEME not set, ignoring.
Environment variable $QT_QPA_PLATFORMTHEME not set, ignoring.
registry: adding output 46
calculated sun trajectory: dawn 07:30, sunrise 07:30, sunset 21:30, dusk 21:30
setting temperature to 5700 K

(waybar:22977): Gtk-CRITICAL **: 18:47:58.516: _gtk_css_ease_value_new_steps: assertion 'n_steps > 0' failed
/home/arghya/.mozilla/firefox/6lubxevr.default-release/user.js:1293: prefs parse error: unexpected character
/home/arghya/.mozilla/firefox/6lubxevr.default-release/user.js:1295: prefs parse error: unexpected character
/home/arghya/.mozilla/firefox/6lubxevr.default-release/user.js:1296: prefs parse error: unexpected character
The XKEYBOARD keymap compiler (xkbcomp) reports:
> Warning:          Unsupported maximum keycode 708, clipping.
>                   X11 cannot support keycodes above 255.
> Warning:          Could not resolve keysym XF86KbdInputAssistPrevgrou
> Warning:          Could not resolve keysym XF86KbdInputAssistNextgrou
Errors from xkbcomp are not fatal to the X server

(waybar:22977): Gtk-CRITICAL **: 18:47:58.599: gtk_widget_set_accel_path: assertion 'GTK_IS_ACCEL_GROUP (accel_group)' failed

(waybar:22977): Gtk-CRITICAL **: 18:47:58.599: gtk_widget_add_accelerator: assertion 'GTK_IS_ACCEL_GROUP (accel_group)' failed

(waybar:22977): Gtk-CRITICAL **: 18:47:58.599: gtk_widget_set_accel_path: assertion 'GTK_IS_ACCEL_GROUP (accel_group)' failed

(waybar:22977): Gtk-CRITICAL **: 18:47:58.599: gtk_widget_add_accelerator: assertion 'GTK_IS_ACCEL_GROUP (accel_group)' failed

(waybar:22977): Gtk-CRITICAL **: 18:47:58.600: gtk_widget_set_accel_path: assertion 'GTK_IS_ACCEL_GROUP (accel_group)' failed

(waybar:22977): Gtk-CRITICAL **: 18:47:58.600: gtk_widget_add_accelerator: assertion 'GTK_IS_ACCEL_GROUP (accel_group)' failed

** (waybar:22977): WARNING **: 18:47:58.658: Status Notifier Item with bus name ':1.89' and object path '/org/ayatana/NotificationItem/nm_applet' is already registered
2024-08-14 18:47:58,882 | [1;31mERROR[0m | ulauncher.api.server.ExtensionRunner: _run_process() | Extension "com.github.ybotspawn.keep-ulauncher" was terminated with code 1
2024-08-14 18:47:59,190 | [1;31mERROR[0m | ulauncher.api.server.ExtensionRunner: _run_process() | Extension "com.github.tchar.ulauncher-albert-calculate-anything" was terminated with code 1
DBus name already taken. Ulauncher is probably backgrounded. Did you mean `ulauncher-toggle`?
2024-08-14 18:49:16,469 | [1;33mWARNING[0m | ulauncher.utils.image_loader: check_icon_name() | Icon theme is broken or incomplete. Substituting "Alacritty" for "Alacritty"
2024-08-14 18:49:16,478 | [1;33mWARNING[0m | ulauncher.utils.image_loader: check_icon_name() | Icon theme is broken or incomplete. Substituting "nwg-look" for "nwg-look"
2024-08-14 18:49:16,487 | [1;33mWARNING[0m | ulauncher.utils.image_loader: load_image() | Could not load image /opt/chromium.org/thorium/thorium_shell.png. E: g-file-error-quark: Failed to open file “/opt/chromium.org/thorium/thorium_shell.png”: No such file or directory (4)
2024-08-14 18:49:16,488 | [1;33mWARNING[0m | ulauncher.utils.image_loader: check_icon_name() | Icon theme is broken or incomplete. Substituting "spotify-client" for "spotify-client"
2024-08-14 18:49:16,492 | [1;33mWARNING[0m | ulauncher.utils.image_loader: check_icon_name() | Icon theme is broken or incomplete. Substituting "auto-cpufreq" for "auto-cpufreq"
2024-08-14 18:49:16,498 | [1;33mWARNING[0m | ulauncher.utils.image_loader: check_icon_name() | Icon theme is broken or incomplete. Substituting "electron30" for "electron30"
2024-08-14 18:49:16,508 | [1;33mWARNING[0m | ulauncher.utils.image_loader: check_icon_name() | Icon theme is broken or incomplete. Substituting "obsidian" for "obsidian"
2024-08-14 18:49:16,512 | [1;33mWARNING[0m | ulauncher.utils.image_loader: check_icon_name() | Icon "freedownloadmanager" completely missing from icon theme. Consider switching icon theme.
[25101:25134:0814/184917.775099:ERROR:object_proxy.cc(576)] Failed to call method: org.freedesktop.DBus.Properties.Get: object_path= /org/freedesktop/portal/desktop: org.freedesktop.DBus.Error.InvalidArgs: No such interface “org.freedesktop.portal.FileChooser”
[25101:25134:0814/184917.775137:ERROR:select_file_dialog_linux_portal.cc(287)] Failed to read portal version property
[25101:25101:0814/184917.864168:ERROR:object_proxy.cc(576)] Failed to call method: org.freedesktop.ScreenSaver.GetActive: object_path= /org/freedesktop/ScreenSaver: org.freedesktop.DBus.Error.UnknownMethod: Unknown method GetActive or interface org.freedesktop.ScreenSaver.
Created TensorFlow Lite XNNPACK delegate for CPU.
DBus name already taken. Ulauncher is probably backgrounded. Did you mean `ulauncher-toggle`?
WARN [wpaperd::image_loader] Decoding(DecodingError { format: Exact(Png), underlying: Some(Format(FormatError { inner: InvalidSignature })) })
DBus name already taken. Ulauncher is probably backgrounded. Did you mean `ulauncher-toggle`?
** Message: 19:05:01.805: Connecting to org.freedesktop.Tracker3.Miner.Files

** (org.gnome.Nautilus:53906): WARNING **: 19:05:02.131: Unable to create connection for session-wide Tracker indexer: The name is not activatable
** Message: 19:05:08.683: Connecting to org.freedesktop.Tracker3.Miner.Files

(org.gnome.Nautilus:53906): Gtk-WARNING **: 19:05:22.339: Calling org.freedesktop.portal.Inhibit.Inhibit failed: GDBus.Error:org.freedesktop.DBus.Error.UnknownMethod: No such interface “org.freedesktop.portal.Inhibit” on object at path /org/freedesktop/portal/desktop
