CopyQ ERROR [2024-08-14 13:20:18.144] <monitorClipboard-1334>: Null data in clipboard
CopyQ ERROR [2024-08-14 13:20:18.146] <monitorClipboard-1334>: Null data in clipboard
CopyQ ERROR [2024-08-14 13:20:18.148] <monitorClipboard-1334>: Null data in selection
CopyQ ERROR [2024-08-14 13:20:18.198] <monitorClipboard-1334>: Null data in clipboard
CopyQ ERROR [2024-08-14 13:20:18.203] <monitorClipboard-1334>: Null data in selection
CopyQ ERROR [2024-08-14 13:20:18.363] <monitorClipboard-1334>: Null data in clipboard
CopyQ ERROR [2024-08-14 13:20:18.365] <monitorClipboard-1334>: Null data in selection
CopyQ ERROR [2024-08-14 13:20:18.730] <monitorClipboard-1334>: Null data in clipboard
CopyQ ERROR [2024-08-14 13:20:18.732] <monitorClipboard-1334>: Null data in selection
CopyQ ERROR [2024-08-14 13:20:51.588] <monitorClipboard-1334>: Null data in clipboard
CopyQ ERROR [2024-08-14 13:20:51.647] <monitorClipboard-1334>: Null data in clipboard
CopyQ ERROR [2024-08-14 13:20:51.794] <monitorClipboard-1334>: Null data in clipboard
CopyQ ERROR [2024-08-14 13:20:52.173] <monitorClipboard-1334>: Null data in clipboard
CopyQ ERROR [2024-08-14 13:20:55.753] <monitorClipboard-1334>: Null data in clipboard
CopyQ ERROR [2024-08-14 13:20:55.815] <monitorClipboard-1334>: Null data in clipboard
CopyQ ERROR [2024-08-14 13:20:55.975] <monitorClipboard-1334>: Null data in clipboard
CopyQ ERROR [2024-08-14 13:20:56.330] <monitorClipboard-1334>: Null data in clipboard
CopyQ ERROR [2024-08-14 13:37:29.036] <monitorClipboard-1334>: Null data in clipboard
CopyQ ERROR [2024-08-14 13:37:29.045] <monitorClipboard-1334>: Null data in clipboard
CopyQ ERROR [2024-08-14 13:37:29.095] <monitorClipboard-1334>: Null data in clipboard
CopyQ ERROR [2024-08-14 13:37:29.097] <monitorClipboard-1334>: Null data in clipboard
CopyQ ERROR [2024-08-14 13:37:29.148] <monitorClipboard-1334>: Null data in clipboard
CopyQ ERROR [2024-08-14 13:37:29.150] <monitorClipboard-1334>: Null data in clipboard
CopyQ ERROR [2024-08-14 13:37:29.200] <monitorClipboard-1334>: Null data in clipboard
CopyQ ERROR [2024-08-14 13:37:29.203] <monitorClipboard-1334>: Null data in clipboard
CopyQ ERROR [2024-08-14 13:37:29.257] <monitorClipboard-1334>: Null data in clipboard
CopyQ ERROR [2024-08-14 13:37:29.260] <monitorClipboard-1334>: Null data in clipboard
CopyQ ERROR [2024-08-14 13:37:29.314] <monitorClipboard-1334>: Null data in clipboard
CopyQ ERROR [2024-08-14 13:37:29.315] <monitorClipboard-1334>: Null data in clipboard
CopyQ ERROR [2024-08-14 13:37:29.369] <monitorClipboard-1334>: Null data in clipboard
CopyQ ERROR [2024-08-14 13:37:29.529] <monitorClipboard-1334>: Null data in clipboard
CopyQ ERROR [2024-08-14 13:37:29.880] <monitorClipboard-1334>: Null data in clipboard
CopyQ Warning [2024-08-14 13:43:50.935] <Server-1221>: [default] QtWarning: The Wayland connection broke. Did the Wayland compositor die?
CopyQ Warning [2024-08-14 13:43:50.935] <monitorClipboard-1334>: [default] QtWarning: The Wayland connection broke. Did the Wayland compositor die?
CopyQ ERROR [2024-08-14 13:43:55.974] <monitorClipboard-23222>: Null data in clipboard
CopyQ ERROR [2024-08-14 13:43:55.978] <monitorClipboard-23222>: Null data in clipboard
CopyQ ERROR [2024-08-14 13:43:55.980] <monitorClipboard-23222>: Null data in selection
CopyQ ERROR [2024-08-14 13:43:56.030] <monitorClipboard-23222>: Null data in clipboard
CopyQ ERROR [2024-08-14 13:43:56.031] <monitorClipboard-23222>: Null data in selection
CopyQ ERROR [2024-08-14 13:43:56.180] <monitorClipboard-23222>: Null data in clipboard
CopyQ ERROR [2024-08-14 13:43:56.183] <monitorClipboard-23222>: Null data in selection
CopyQ ERROR [2024-08-14 13:43:56.530] <monitorClipboard-23222>: Null data in clipboard
CopyQ ERROR [2024-08-14 13:43:56.532] <monitorClipboard-23222>: Null data in selection
CopyQ ERROR [2024-08-14 13:44:16.001] <monitorClipboard-23222>: Null data in clipboard
CopyQ ERROR [2024-08-14 13:44:16.063] <monitorClipboard-23222>: Null data in clipboard
CopyQ ERROR [2024-08-14 13:44:16.223] <monitorClipboard-23222>: Null data in clipboard
CopyQ ERROR [2024-08-14 13:44:16.579] <monitorClipboard-23222>: Null data in clipboard
CopyQ ERROR [2024-08-14 13:44:18.842] <monitorClipboard-23222>: Null data in clipboard
CopyQ ERROR [2024-08-14 13:44:18.900] <monitorClipboard-23222>: Null data in clipboard
CopyQ ERROR [2024-08-14 13:44:19.046] <monitorClipboard-23222>: Null data in clipboard
CopyQ ERROR [2024-08-14 13:44:19.424] <monitorClipboard-23222>: Null data in clipboard
CopyQ ERROR [2024-08-14 13:44:46.900] <monitorClipboard-23222>: Null data in clipboard
CopyQ ERROR [2024-08-14 13:44:46.962] <monitorClipboard-23222>: Null data in clipboard
CopyQ ERROR [2024-08-14 13:44:47.122] <monitorClipboard-23222>: Null data in clipboard
CopyQ ERROR [2024-08-14 18:28:21.564] : ItemEncrypt: GnuPG stderr:
CopyQ ERROR [2024-08-14 18:28:21.564] :    gpg: Note: database_open 134217901 waiting for lock (held by 1320) ...
CopyQ ERROR [2024-08-14 18:28:21.564] :    gpg: Note: database_open 134217901 waiting for lock (held by 1320) ...
CopyQ ERROR [2024-08-14 18:28:21.564] :    gpg: Note: database_open 134217901 waiting for lock (held by 1320) ...
CopyQ ERROR [2024-08-14 18:28:21.564] :    gpg: Note: database_open 134217901 waiting for lock (held by 1320) ...
CopyQ ERROR [2024-08-14 18:28:21.564] :    gpg: Note: database_open 134217901 waiting for lock (held by 1320) ...
CopyQ ERROR [2024-08-14 18:28:21.564] :    gpg: keydb_search_first failed: Connection timed out
CopyQ ERROR [2024-08-14 18:28:21.564] :    
CopyQ ERROR [2024-08-14 18:28:21.618] <monitorClipboard-2342>: Null data in clipboard
CopyQ ERROR [2024-08-14 18:28:21.620] <monitorClipboard-2342>: Null data in clipboard
CopyQ ERROR [2024-08-14 18:28:21.621] <monitorClipboard-2342>: Null data in selection
CopyQ ERROR [2024-08-14 18:28:21.674] <monitorClipboard-2342>: Null data in clipboard
CopyQ ERROR [2024-08-14 18:28:21.676] <monitorClipboard-2342>: Null data in selection
CopyQ ERROR [2024-08-14 18:28:21.824] <monitorClipboard-2342>: Null data in clipboard
CopyQ ERROR [2024-08-14 18:28:21.826] <monitorClipboard-2342>: Null data in selection
CopyQ ERROR [2024-08-14 18:28:22.175] <monitorClipboard-2342>: Null data in clipboard
CopyQ ERROR [2024-08-14 18:28:22.184] <monitorClipboard-2342>: Null data in selection
CopyQ ERROR [2024-08-14 18:30:42.871] <monitorClipboard-2342>: Null data in clipboard
CopyQ ERROR [2024-08-14 18:30:42.934] <monitorClipboard-2342>: Null data in clipboard
CopyQ ERROR [2024-08-14 18:30:43.094] <monitorClipboard-2342>: Null data in clipboard
CopyQ ERROR [2024-08-14 18:30:43.447] <monitorClipboard-2342>: Null data in clipboard
CopyQ ERROR [2024-08-14 18:40:23.095] <monitorClipboard-2342>: Null data in clipboard
CopyQ ERROR [2024-08-14 18:40:23.153] <monitorClipboard-2342>: Null data in clipboard
CopyQ Warning [2024-08-14 18:47:52.342] <Server-1311>: [default] QtWarning: The Wayland connection broke. Did the Wayland compositor die?
CopyQ Warning [2024-08-14 18:47:52.343] <monitorClipboard-2342>: [default] QtWarning: The Wayland connection broke. Did the Wayland compositor die?
CopyQ ERROR [2024-08-14 18:47:58.628] <monitorClipboard-23134>: Null data in clipboard
CopyQ ERROR [2024-08-14 18:47:58.632] <monitorClipboard-23134>: Null data in clipboard
CopyQ ERROR [2024-08-14 18:47:58.633] <monitorClipboard-23134>: Null data in selection
CopyQ ERROR [2024-08-14 18:47:58.692] <monitorClipboard-23134>: Null data in clipboard
CopyQ ERROR [2024-08-14 18:47:58.694] <monitorClipboard-23134>: Null data in selection
CopyQ ERROR [2024-08-14 18:47:58.847] <monitorClipboard-23134>: Null data in clipboard
CopyQ ERROR [2024-08-14 18:47:58.856] <monitorClipboard-23134>: Null data in selection
CopyQ ERROR [2024-08-14 18:47:59.197] <monitorClipboard-23134>: Null data in clipboard
CopyQ ERROR [2024-08-14 18:47:59.199] <monitorClipboard-23134>: Null data in selection
CopyQ ERROR [2024-08-14 18:50:20.462] <monitorClipboard-23134>: Null data in clipboard
CopyQ ERROR [2024-08-14 18:50:20.524] <monitorClipboard-23134>: Null data in clipboard
